{"contracts/ERC721Factory.sol":{"l":{"17":4,"18":4,"19":4},"path":"/Users/raoulpicconi/Desktop/Start2Impact/Blockchain/EthereumWeb3Project_Start2Impact/smartcontracts/contracts/ERC721Factory.sol","s":{"1":4,"2":4,"3":4},"b":{},"f":{"1":4},"fnMap":{"1":{"name":"createNewNftContract","line":16,"loc":{"start":{"line":16,"column":4},"end":{"line":20,"column":4}}}},"statementMap":{"1":{"start":{"line":17,"column":8},"end":{"line":17,"column":58}},"2":{"start":{"line":18,"column":8},"end":{"line":18,"column":84}},"3":{"start":{"line":19,"column":8},"end":{"line":19,"column":29}}},"branchMap":{}},"contracts/myERC721.sol":{"l":{"18":10,"21":0,"29":1,"37":0,"43":8,"44":8,"45":8},"path":"/Users/raoulpicconi/Desktop/Start2Impact/Blockchain/EthereumWeb3Project_Start2Impact/smartcontracts/contracts/myERC721.sol","s":{"1":10,"2":0,"3":1,"4":0,"5":8,"6":8,"7":8},"b":{},"f":{"1":10,"2":0,"3":1,"4":0,"5":33,"6":8},"fnMap":{"1":{"name":"_beforeTokenTransfer","line":14,"loc":{"start":{"line":14,"column":4},"end":{"line":19,"column":4}}},"2":{"name":"_burn","line":20,"loc":{"start":{"line":20,"column":4},"end":{"line":22,"column":4}}},"3":{"name":"tokenURI","line":23,"loc":{"start":{"line":23,"column":4},"end":{"line":30,"column":4}}},"4":{"name":"supportsInterface","line":31,"loc":{"start":{"line":31,"column":4},"end":{"line":38,"column":4}}},"5":{"name":"constructor","line":40,"loc":{"start":{"line":40,"column":4},"end":{"line":40,"column":83}}},"6":{"name":"mint","line":42,"loc":{"start":{"line":42,"column":4},"end":{"line":46,"column":4}}}},"statementMap":{"1":{"start":{"line":18,"column":8},"end":{"line":18,"column":52}},"2":{"start":{"line":21,"column":8},"end":{"line":21,"column":27}},"3":{"start":{"line":29,"column":8},"end":{"line":29,"column":38}},"4":{"start":{"line":37,"column":8},"end":{"line":37,"column":51}},"5":{"start":{"line":43,"column":8},"end":{"line":43,"column":41}},"6":{"start":{"line":44,"column":8},"end":{"line":44,"column":39}},"7":{"start":{"line":45,"column":8},"end":{"line":45,"column":36}}},"branchMap":{}}}