{
"contracts/ERC721Factory.sol":{"l":{"18":5,"19":5,"20":5},"path":"/Users/raoulpicconi/Desktop/Start2Impact/Blockchain/EthereumWeb3Project_Start2Impact/smartcontracts/contracts/ERC721Factory.sol","s":{"1":5,"2":5,"3":5},"b":{},"f":{"1":5},"fnMap":{"1":{"name":"createNewNftContract","line":17,"loc":{"start":{"line":17,"column":4},"end":{"line":21,"column":4}}}},"statementMap":{"1":{"start":{"line":18,"column":8},"end":{"line":18,"column":86}},"2":{"start":{"line":19,"column":8},"end":{"line":19,"column":96}},"3":{"start":{"line":20,"column":8},"end":{"line":20,"column":29}}},"branchMap":{}},
"contracts/myERC721.sol":{"l":{"23":40,"26":0,"34":1,"42":0,"46":110,"47":110,"51":32,"52":32,"53":0,"55":32,"56":32},"path":"/Users/raoulpicconi/Desktop/Start2Impact/Blockchain/EthereumWeb3Project_Start2Impact/smartcontracts/contracts/myERC721.sol","s":{"1":40,"2":0,"3":1,"4":0,"5":110,"6":110,"7":32,"8":32,"9":32,"10":32},"b":{"1":[0,32]},"f":{"1":40,"2":0,"3":1,"4":0,"5":110,"6":32},"fnMap":{"1":{"name":"_beforeTokenTransfer","line":19,"loc":{"start":{"line":19,"column":4},"end":{"line":24,"column":4}}},"2":{"name":"_burn","line":25,"loc":{"start":{"line":25,"column":4},"end":{"line":27,"column":4}}},"3":{"name":"tokenURI","line":28,"loc":{"start":{"line":28,"column":4},"end":{"line":35,"column":4}}},"4":{"name":"supportsInterface","line":36,"loc":{"start":{"line":36,"column":4},"end":{"line":43,"column":4}}},"5":{"name":"constructor","line":45,"loc":{"start":{"line":45,"column":4},"end":{"line":48,"column":4}}},"6":{"name":"mint","line":50,"loc":{"start":{"line":50,"column":4},"end":{"line":57,"column":4}}}},"statementMap":{"1":{"start":{"line":23,"column":8},"end":{"line":23,"column":52}},"2":{"start":{"line":26,"column":8},"end":{"line":26,"column":27}},"3":{"start":{"line":34,"column":8},"end":{"line":34,"column":38}},"4":{"start":{"line":42,"column":8},"end":{"line":42,"column":51}},"5":{"start":{"line":46,"column":8},"end":{"line":46,"column":31}},"6":{"start":{"line":47,"column":8},"end":{"line":47,"column":31}},"7":{"start":{"line":51,"column":8},"end":{"line":51,"column":41}},"8":{"start":{"line":52,"column":8},"end":{"line":52,"column":1585}},"9":{"start":{"line":55,"column":8},"end":{"line":55,"column":39}},"10":{"start":{"line":56,"column":8},"end":{"line":56,"column":36}}},"branchMap":{"1":{"line":52,"type":"if","locations":[{"start":{"line":52,"column":8},"end":{"line":52,"column":8}},{"start":{"line":52,"column":8},"end":{"line":52,"column":8}}]}}},
"contracts/NftMarketplace.sol":{"l":{"54":21,"55":21,"56":1,"58":20,"62":16,"63":16,"64":3,"66":13,"74":28,"75":28,"76":28,"77":3,"79":25,"91":19,"92":1,"94":18,"95":18,"96":1,"98":17,"99":17,"107":2,"108":2,"118":7,"119":7,"120":1,"122":6,"123":6,"124":6,"125":6,"126":6,"127":6,"140":3,"141":1,"143":2,"144":2,"148":3,"149":3,"150":1,"152":2,"153":2,"154":2,"158":1,"159":1,"160":1,"161":1,"169":3,"173":2,"177":0,"181":6},"path":"/Users/raoulpicconi/Desktop/Start2Impact/Blockchain/EthereumWeb3Project_Start2Impact/smartcontracts/contracts/NftMarketplace.sol","s":{"1":21,"2":21,"3":16,"4":16,"5":28,"6":28,"7":28,"8":19,"9":18,"10":18,"11":17,"12":17,"13":2,"14":7,"15":7,"16":6,"17":6,"18":6,"19":6,"20":6,"21":3,"22":2,"23":2,"24":3,"25":3,"26":2,"27":2,"28":2,"29":1,"30":1,"31":1,"32":1,"33":3,"34":2,"35":0,"36":6},"b":{"1":[1,20],"2":[3,13],"3":[3,25],"4":[1,18],"5":[1,17],"6":[1,6],"7":[1,2],"8":[1,2],"9":[2,0],"10":[1,0]},"f":{"1":21,"2":16,"3":28,"4":19,"5":2,"6":7,"7":3,"8":3,"9":1,"10":3,"11":2,"12":0,"13":6},"fnMap":{"1":{"name":"notListed","line":49,"loc":{"start":{"line":49,"column":4},"end":{"line":59,"column":4}}},"2":{"name":"isListed","line":61,"loc":{"start":{"line":61,"column":4},"end":{"line":67,"column":4}}},"3":{"name":"isNftOwner","line":69,"loc":{"start":{"line":69,"column":4},"end":{"line":80,"column":4}}},"4":{"name":"listItem","line":89,"loc":{"start":{"line":82,"column":4},"end":{"line":100,"column":4}}},"5":{"name":"cancelListing","line":105,"loc":{"start":{"line":102,"column":4},"end":{"line":109,"column":4}}},"6":{"name":"buyItem","line":116,"loc":{"start":{"line":112,"column":4},"end":{"line":128,"column":4}}},"7":{"name":"updateListing","line":138,"loc":{"start":{"line":130,"column":4},"end":{"line":145,"column":4}}},"8":{"name":"withdrawProceeds","line":147,"loc":{"start":{"line":147,"column":4},"end":{"line":155,"column":4}}},"9":{"name":"withdrawOwnerProceeds","line":157,"loc":{"start":{"line":157,"column":4},"end":{"line":162,"column":4}}},"10":{"name":"getListing","line":164,"loc":{"start":{"line":164,"column":4},"end":{"line":170,"column":4}}},"11":{"name":"getProceeds","line":172,"loc":{"start":{"line":172,"column":4},"end":{"line":174,"column":4}}},"12":{"name":"getOwnerProceeds","line":176,"loc":{"start":{"line":176,"column":4},"end":{"line":178,"column":4}}},"13":{"name":"calculateFee","line":180,"loc":{"start":{"line":180,"column":4},"end":{"line":182,"column":4}}}},"statementMap":{"1":{"start":{"line":54,"column":8},"end":{"line":54,"column":64}},"2":{"start":{"line":55,"column":8},"end":{"line":55,"column":1441}},"3":{"start":{"line":62,"column":8},"end":{"line":62,"column":64}},"4":{"start":{"line":63,"column":8},"end":{"line":63,"column":1684}},"5":{"start":{"line":74,"column":8},"end":{"line":74,"column":41}},"6":{"start":{"line":75,"column":8},"end":{"line":75,"column":44}},"7":{"start":{"line":76,"column":8},"end":{"line":76,"column":1996}},"8":{"start":{"line":91,"column":8},"end":{"line":91,"column":2317}},"9":{"start":{"line":94,"column":8},"end":{"line":94,"column":41}},"10":{"start":{"line":95,"column":8},"end":{"line":95,"column":2439}},"11":{"start":{"line":98,"column":8},"end":{"line":98,"column":67}},"12":{"start":{"line":99,"column":8},"end":{"line":99,"column":63}},"13":{"start":{"line":108,"column":8},"end":{"line":108,"column":58}},"14":{"start":{"line":118,"column":8},"end":{"line":118,"column":67}},"15":{"start":{"line":119,"column":8},"end":{"line":119,"column":3216}},"16":{"start":{"line":122,"column":8},"end":{"line":122,"column":45}},"17":{"start":{"line":123,"column":8},"end":{"line":123,"column":29}},"18":{"start":{"line":124,"column":8},"end":{"line":124,"column":55}},"19":{"start":{"line":126,"column":8},"end":{"line":126,"column":83}},"20":{"start":{"line":127,"column":8},"end":{"line":127,"column":74}},"21":{"start":{"line":140,"column":8},"end":{"line":140,"column":3943}},"22":{"start":{"line":143,"column":8},"end":{"line":143,"column":55}},"23":{"start":{"line":144,"column":8},"end":{"line":144,"column":66}},"24":{"start":{"line":148,"column":8},"end":{"line":148,"column":49}},"25":{"start":{"line":149,"column":8},"end":{"line":149,"column":4252}},"26":{"start":{"line":152,"column":8},"end":{"line":152,"column":33}},"27":{"start":{"line":153,"column":8},"end":{"line":153,"column":72}},"28":{"start":{"line":154,"column":8},"end":{"line":154,"column":42}},"29":{"start":{"line":158,"column":8},"end":{"line":158,"column":31}},"30":{"start":{"line":159,"column":8},"end":{"line":159,"column":74}},"31":{"start":{"line":160,"column":8},"end":{"line":160,"column":42}},"32":{"start":{"line":161,"column":8},"end":{"line":161,"column":26}},"33":{"start":{"line":169,"column":8},"end":{"line":169,"column":46}},"34":{"start":{"line":173,"column":8},"end":{"line":173,"column":33}},"35":{"start":{"line":177,"column":8},"end":{"line":177,"column":30}},"36":{"start":{"line":181,"column":8},"end":{"line":181,"column":28}}},"branchMap":{"1":{"line":55,"type":"if","locations":[{"start":{"line":55,"column":8},"end":{"line":55,"column":8}},{"start":{"line":55,"column":8},"end":{"line":55,"column":8}}]},"2":{"line":63,"type":"if","locations":[{"start":{"line":63,"column":8},"end":{"line":63,"column":8}},{"start":{"line":63,"column":8},"end":{"line":63,"column":8}}]},"3":{"line":76,"type":"if","locations":[{"start":{"line":76,"column":8},"end":{"line":76,"column":8}},{"start":{"line":76,"column":8},"end":{"line":76,"column":8}}]},"4":{"line":91,"type":"if","locations":[{"start":{"line":91,"column":8},"end":{"line":91,"column":8}},{"start":{"line":91,"column":8},"end":{"line":91,"column":8}}]},"5":{"line":95,"type":"if","locations":[{"start":{"line":95,"column":8},"end":{"line":95,"column":8}},{"start":{"line":95,"column":8},"end":{"line":95,"column":8}}]},"6":{"line":119,"type":"if","locations":[{"start":{"line":119,"column":8},"end":{"line":119,"column":8}},{"start":{"line":119,"column":8},"end":{"line":119,"column":8}}]},"7":{"line":140,"type":"if","locations":[{"start":{"line":140,"column":8},"end":{"line":140,"column":8}},{"start":{"line":140,"column":8},"end":{"line":140,"column":8}}]},"8":{"line":149,"type":"if","locations":[{"start":{"line":149,"column":8},"end":{"line":149,"column":8}},{"start":{"line":149,"column":8},"end":{"line":149,"column":8}}]},"9":{"line":154,"type":"if","locations":[{"start":{"line":154,"column":8},"end":{"line":154,"column":8}},{"start":{"line":154,"column":8},"end":{"line":154,"column":8}}]},"10":{"line":160,"type":"if","locations":[{"start":{"line":160,"column":8},"end":{"line":160,"column":8}},{"start":{"line":160,"column":8},"end":{"line":160,"column":8}}]}}}}
