TN:
SF:/Users/raoulpicconi/Desktop/Start2Impact/Blockchain/EthereumWeb3Project_Start2Impact/smartcontracts/contracts/ERC721Factory.sol
FN:16,createNewNftContract
FNF:1
FNH:1
FNDA:4,createNewNftContract
DA:17,4
DA:18,4
DA:19,4
LF:3
LH:3
BRF:0
BRH:0
end_of_record
TN:
SF:/Users/raoulpicconi/Desktop/Start2Impact/Blockchain/EthereumWeb3Project_Start2Impact/smartcontracts/contracts/myERC721.sol
FN:14,_beforeTokenTransfer
FN:20,_burn
FN:23,tokenURI
FN:31,supportsInterface
FN:40,constructor
FN:42,mint
FNF:6
FNH:4
FNDA:10,_beforeTokenTransfer
FNDA:0,_burn
FNDA:1,tokenURI
FNDA:0,supportsInterface
FNDA:33,constructor
FNDA:8,mint
DA:18,10
DA:21,0
DA:29,1
DA:37,0
DA:43,8
DA:44,8
DA:45,8
LF:7
LH:5
BRF:0
BRH:0
end_of_record
