TN:
SF:/Users/raoulpicconi/Desktop/Start2Impact/Blockchain/EthereumWeb3Project_Start2Impact/smartcontracts/contracts/ERC721Factory.sol
FN:17,createNewNftContract
FNF:1
FNH:1
FNDA:5,createNewNftContract
DA:18,5
DA:19,5
DA:20,5
LF:3
LH:3
BRF:0
BRH:0
end_of_record
TN:
SF:/Users/raoulpicconi/Desktop/Start2Impact/Blockchain/EthereumWeb3Project_Start2Impact/smartcontracts/contracts/myERC721.sol
FN:19,_beforeTokenTransfer
FN:25,_burn
FN:28,tokenURI
FN:36,supportsInterface
FN:45,constructor
FN:50,mint
FNF:6
FNH:4
FNDA:40,_beforeTokenTransfer
FNDA:0,_burn
FNDA:1,tokenURI
FNDA:0,supportsInterface
FNDA:110,constructor
FNDA:32,mint
DA:23,40
DA:26,0
DA:34,1
DA:42,0
DA:46,110
DA:47,110
DA:51,32
DA:52,32
DA:53,0
DA:55,32
DA:56,32
LF:11
LH:8
BRDA:52,1,0,0
BRDA:52,1,1,32
BRF:2
BRH:1
end_of_record
TN:
SF:/Users/raoulpicconi/Desktop/Start2Impact/Blockchain/EthereumWeb3Project_Start2Impact/smartcontracts/contracts/NftMarketplace.sol
FN:49,notListed
FN:61,isListed
FN:69,isNftOwner
FN:89,listItem
FN:105,cancelListing
FN:116,buyItem
FN:138,updateListing
FN:147,withdrawProceeds
FN:157,withdrawOwnerProceeds
FN:164,getListing
FN:172,getProceeds
FN:176,getOwnerProceeds
FN:180,calculateFee
FNF:13
FNH:12
FNDA:21,notListed
FNDA:16,isListed
FNDA:28,isNftOwner
FNDA:19,listItem
FNDA:2,cancelListing
FNDA:7,buyItem
FNDA:3,updateListing
FNDA:3,withdrawProceeds
FNDA:1,withdrawOwnerProceeds
FNDA:3,getListing
FNDA:2,getProceeds
FNDA:0,getOwnerProceeds
FNDA:6,calculateFee
DA:54,21
DA:55,21
DA:56,1
DA:58,20
DA:62,16
DA:63,16
DA:64,3
DA:66,13
DA:74,28
DA:75,28
DA:76,28
DA:77,3
DA:79,25
DA:91,19
DA:92,1
DA:94,18
DA:95,18
DA:96,1
DA:98,17
DA:99,17
DA:107,2
DA:108,2
DA:118,7
DA:119,7
DA:120,1
DA:122,6
DA:123,6
DA:124,6
DA:125,6
DA:126,6
DA:127,6
DA:140,3
DA:141,1
DA:143,2
DA:144,2
DA:148,3
DA:149,3
DA:150,1
DA:152,2
DA:153,2
DA:154,2
DA:158,1
DA:159,1
DA:160,1
DA:161,1
DA:169,3
DA:173,2
DA:177,0
DA:181,6
LF:49
LH:48
BRDA:55,1,0,1
BRDA:55,1,1,20
BRDA:63,2,0,3
BRDA:63,2,1,13
BRDA:76,3,0,3
BRDA:76,3,1,25
BRDA:91,4,0,1
BRDA:91,4,1,18
BRDA:95,5,0,1
BRDA:95,5,1,17
BRDA:119,6,0,1
BRDA:119,6,1,6
BRDA:140,7,0,1
BRDA:140,7,1,2
BRDA:149,8,0,1
BRDA:149,8,1,2
BRDA:154,9,0,2
BRDA:154,9,1,0
BRDA:160,10,0,1
BRDA:160,10,1,0
BRF:20
BRH:18
end_of_record
